2025-04-08 16:37:06 - ADDED: C:\Users\KIIT0001\OneDrive\Pictures\Screenshots\Screenshot 2024-09-25 211650.png
2025-04-08 16:37:06 - ADDED: C:\Users\KIIT0001\OneDrive\Pictures\Screenshots\Screenshot 2024-08-16 174033.png
2025-04-08 16:37:06 - ADDED: C:\Users\KIIT0001\OneDrive\Pictures\20250103.jpg
2025-04-08 16:37:06 - ADDED: C:\Users\KIIT0001\OneDrive\Pictures\Screenshots\Screenshot 2025-02-25 223121.png
2025-04-08 16:37:06 - ADDED: C:\Users\KIIT0001\OneDrive\Pictures\Screenshots\Screenshot 2024-08-16 173934.png
2025-04-08 16:37:06 - ADDED: C:\Users\KIIT0001\OneDrive\Pictures\Saved Pictures\desktop.ini
2025-04-08 16:37:06 - ADDED: C:\Users\KIIT0001\OneDrive\Pictures\Screenshots\Screenshot 2024-11-21 095105.png
2025-04-08 16:37:06 - ADDED: C:\Users\KIIT0001\OneDrive\Pictures\Screenshots\Screenshot 2024-09-22 203905.png
2025-04-08 16:37:06 - ADDED: C:\Users\KIIT0001\OneDrive\Pictures\Screenshots\Screenshot 2024-09-22 102948.png
2025-04-08 16:37:06 - ADDED: C:\Users\KIIT0001\OneDrive\Pictures\Screenshots\Screenshot 2024-09-22 104826.png
2025-04-08 16:37:06 - ADDED: C:\Users\KIIT0001\OneDrive\Pictures\Screenshots\Screenshot 2025-02-25 222037.png
2025-04-08 16:37:06 - ADDED: C:\Users\KIIT0001\OneDrive\Pictures\Screenshots\s.png
2025-04-08 16:37:06 - ADDED: C:\Users\KIIT0001\OneDrive\Pictures\Screenshots\Screenshot 2024-07-17 112413.png
2025-04-08 16:37:06 - ADDED: C:\Users\KIIT0001\OneDrive\Pictures\Screenshots\Screenshot 2025-02-25 112044.png
2025-04-08 16:37:06 - ADDED: C:\Users\KIIT0001\OneDrive\Pictures\Screenshots\Screenshot 2024-11-19 120516.png
2025-04-08 16:37:06 - ADDED: C:\Users\KIIT0001\OneDrive\Pictures\Screenshots\Screenshot 2024-07-06 214119.png
2025-04-08 16:37:06 - ADDED: C:\Users\KIIT0001\OneDrive\Pictures\Screenshots\Screenshot 2024-11-19 120342.png
2025-04-08 16:37:06 - ADDED: C:\Users\KIIT0001\OneDrive\Pictures\Screenshots\Screenshot 2024-08-30 180116.png
2025-04-08 16:37:06 - ADDED: C:\Users\KIIT0001\OneDrive\Pictures\shradha-thumb1.jpg
2025-04-08 16:37:06 - ADDED: C:\Users\KIIT0001\OneDrive\Pictures\Screenshots\Screenshot 2024-08-09 084110.png
2025-04-08 16:37:06 - ADDED: C:\Users\KIIT0001\OneDrive\Pictures\Screenshots\Screenshot 2024-09-22 202925.png
2025-04-08 16:37:06 - ADDED: C:\Users\KIIT0001\OneDrive\Pictures\Screenshots\desktop.ini
2025-04-08 16:37:06 - ADDED: C:\Users\KIIT0001\OneDrive\Pictures\Screenshots\Screenshot 2024-07-06 214029.png
2025-04-08 16:37:06 - ADDED: C:\Users\KIIT0001\OneDrive\Pictures\20241220.jpg
2025-04-08 16:37:06 - ADDED: C:\Users\KIIT0001\OneDrive\Pictures\Screenshots\Screenshot 2024-11-21 094729.png
2025-04-08 16:37:06 - ADDED: C:\Users\KIIT0001\OneDrive\Pictures\Screenshots\Screenshot 2025-02-25 222135.png
2025-04-08 16:37:06 - ADDED: C:\Users\KIIT0001\OneDrive\Pictures\Screenshot 2024-01-20 221037.png
2025-04-08 16:37:06 - ADDED: C:\Users\KIIT0001\OneDrive\Pictures\Screenshots\Screenshot 2024-08-16 174025.png
2025-04-08 16:37:06 - ADDED: C:\Users\KIIT0001\OneDrive\Pictures\Screenshots\Screenshot 2024-07-20 182802.png
2025-04-08 16:37:06 - ADDED: C:\Users\KIIT0001\OneDrive\Pictures\Screenshots\Screenshot 2025-02-25 222027.png
2025-04-08 16:37:06 - ADDED: C:\Users\KIIT0001\OneDrive\Pictures\Screenshots\Screenshot 2025-03-21 224735.png
2025-04-08 16:37:06 - ADDED: C:\Users\KIIT0001\OneDrive\Pictures\Screenshots\Screenshot 2025-02-25 112103.png
2025-04-08 16:37:06 - ADDED: C:\Users\KIIT0001\OneDrive\Pictures\Screenshots\Screenshot 2025-02-25 222126.png
2025-04-08 16:37:06 - ADDED: C:\Users\KIIT0001\OneDrive\Pictures\Screenshots\Screenshot 2024-11-19 120503.png
2025-04-08 16:37:06 - ADDED: C:\Users\KIIT0001\OneDrive\Pictures\Screenshots\Screenshot 2024-11-18 215730.png
2025-04-08 16:37:06 - ADDED: C:\Users\KIIT0001\OneDrive\Pictures\Screenshots\Screenshot 2024-09-26 105627.png
2025-04-08 16:37:06 - ADDED: C:\Users\KIIT0001\OneDrive\Pictures\Screenshots\Screenshot 2024-09-22 104915.png
2025-04-08 16:37:06 - ADDED: C:\Users\KIIT0001\OneDrive\Pictures\Screenshots\Screenshot 2025-02-26 091748.png
2025-04-08 16:37:06 - ADDED: C:\Users\KIIT0001\OneDrive\Pictures\Screenshots\Screenshot 2024-09-26 105642.png
2025-04-08 16:37:06 - ADDED: C:\Users\KIIT0001\OneDrive\Pictures\Screenshots\Screenshot 2024-11-19 120550.png
2025-04-08 16:37:06 - ADDED: C:\Users\KIIT0001\OneDrive\Pictures\Camera Roll\desktop.ini
2025-04-08 16:37:06 - ADDED: C:\Users\KIIT0001\OneDrive\Pictures\Screenshots\Screenshot 2024-08-16 174013.png
2025-04-08 16:37:06 - ADDED: C:\Users\KIIT0001\OneDrive\Pictures\Screenshots\Screenshot 2024-11-19 120528.png
2025-04-08 16:37:06 - ADDED: C:\Users\KIIT0001\OneDrive\Pictures\sradha sign-minx.jpg
2025-04-08 16:37:06 - ADDED: C:\Users\KIIT0001\OneDrive\Pictures\Screenshots\Screenshot 2024-09-26 210541.png
2025-04-08 16:37:06 - ADDED: C:\Users\KIIT0001\OneDrive\Pictures\Screenshots\Screenshot 2024-08-16 173959.png
2025-04-08 16:37:06 - ADDED: C:\Users\KIIT0001\OneDrive\Pictures\Screenshots\Screenshot 2025-02-25 222118.png
2025-04-08 16:37:06 - ADDED: C:\Users\KIIT0001\OneDrive\Pictures\Screenshots\Screenshot 2024-09-22 105329.png
2025-04-08 16:37:06 - ADDED: C:\Users\KIIT0001\OneDrive\Pictures\Screenshots\Screenshot 2024-09-06 122720.png
2025-04-08 16:37:06 - ADDED: C:\Users\KIIT0001\OneDrive\Pictures\Screenshots\Screenshot 2025-02-25 222015.png
2025-04-08 16:37:06 - ADDED: C:\Users\KIIT0001\OneDrive\Pictures\20241227.jpg
2025-04-08 16:37:06 - ADDED: C:\Users\KIIT0001\OneDrive\Pictures\Screenshots\Screenshot 2024-11-12 192430.png
2025-04-08 16:37:06 - ADDED: C:\Users\KIIT0001\OneDrive\Pictures\Screenshots\Screenshot 2024-09-23 184641.png
2025-04-08 16:37:06 - ADDED: C:\Users\KIIT0001\OneDrive\Pictures\Screenshots\Screenshot 2024-09-26 210053.png
2025-04-08 16:37:06 - ADDED: C:\Users\KIIT0001\OneDrive\Pictures\desktop.ini
2025-04-08 16:37:06 - ADDED: C:\Users\KIIT0001\OneDrive\Pictures\Screenshots\Screenshot 2025-02-15 081721.png
2025-04-08 16:37:06 - ADDED: C:\Users\KIIT0001\OneDrive\Pictures\Screenshots\Screenshot 2024-09-06 123034.png
2025-04-08 16:37:06 - ADDED: C:\Users\KIIT0001\OneDrive\Pictures\Screenshots\Screenshot 2024-08-22 085505.png
2025-04-08 16:37:06 - ADDED: C:\Users\KIIT0001\OneDrive\Pictures\Screenshots\Screenshot 2024-11-19 120538.png
2025-04-08 16:37:06 - ADDED: C:\Users\KIIT0001\OneDrive\Pictures\Screenshots\Screenshot 2024-09-22 124421.png
2025-04-08 16:37:06 - ADDED: C:\Users\KIIT0001\OneDrive\Pictures\Screenshots\Screenshot 2024-11-18 201017.png
2025-04-08 16:37:06 - ADDED: C:\Users\KIIT0001\OneDrive\Pictures\Screenshots\Screenshot 2024-11-18 215701.png
2025-04-08 16:37:06 - ADDED: C:\Users\KIIT0001\OneDrive\Pictures\01 gettyimages-1129788053_resized.jpg
2025-04-08 16:37:06 - ADDED: C:\Users\KIIT0001\OneDrive\Pictures\Screenshots\Screenshot 2024-11-19 121952.png
2025-04-08 16:37:06 - ADDED: C:\Users\KIIT0001\OneDrive\Pictures\Screenshots\Screenshot 2024-09-22 202458.png
2025-04-08 16:37:37 - ADDED: C:\Users\KIIT0001\OneDrive\Pictures\Screenshots\Screenshot 2025-02-26 091748.png
2025-04-08 16:37:37 - ADDED: C:\Users\KIIT0001\OneDrive\Pictures\Camera Roll\desktop.ini
2025-04-08 16:37:37 - ADDED: C:\Users\KIIT0001\OneDrive\Pictures\20250103.jpg
2025-04-08 16:37:37 - ADDED: C:\Users\KIIT0001\OneDrive\Pictures\Screenshots\Screenshot 2025-02-25 112103.png
2025-04-08 16:37:37 - ADDED: C:\Users\KIIT0001\OneDrive\Pictures\Screenshots\Screenshot 2024-08-16 174025.png
2025-04-08 16:37:37 - ADDED: C:\Users\KIIT0001\OneDrive\Pictures\Screenshots\Screenshot 2024-11-21 094729.png
2025-04-08 16:37:37 - ADDED: C:\Users\KIIT0001\OneDrive\Pictures\Screenshots\Screenshot 2024-11-12 192430.png
2025-04-08 16:37:37 - ADDED: C:\Users\KIIT0001\OneDrive\Pictures\Screenshots\Screenshot 2025-02-25 222126.png
2025-04-08 16:37:37 - ADDED: C:\Users\KIIT0001\OneDrive\Pictures\Screenshots\Screenshot 2024-09-23 184641.png
2025-04-08 16:37:37 - ADDED: C:\Users\KIIT0001\OneDrive\Pictures\Screenshots\Screenshot 2025-03-21 224735.png
2025-04-08 16:37:37 - ADDED: C:\Users\KIIT0001\OneDrive\Pictures\sradha sign-minx.jpg
2025-04-08 16:37:37 - ADDED: C:\Users\KIIT0001\OneDrive\Pictures\Screenshots\Screenshot 2024-09-26 105642.png
2025-04-08 16:37:37 - ADDED: C:\Users\KIIT0001\OneDrive\Pictures\Screenshots\Screenshot 2024-08-16 174033.png
2025-04-08 16:37:37 - ADDED: C:\Users\KIIT0001\OneDrive\Pictures\01 gettyimages-1129788053_resized.jpg
2025-04-08 16:37:37 - ADDED: C:\Users\KIIT0001\OneDrive\Pictures\Screenshots\Screenshot 2024-11-19 120516.png
2025-04-08 16:37:37 - ADDED: C:\Users\KIIT0001\OneDrive\Pictures\desktop.ini
2025-04-08 16:37:37 - ADDED: C:\Users\KIIT0001\OneDrive\Pictures\Screenshot 2024-01-20 221037.png
2025-04-08 16:37:37 - ADDED: C:\Users\KIIT0001\OneDrive\Pictures\Screenshots\Screenshot 2024-09-22 104826.png
2025-04-08 16:37:37 - ADDED: C:\Users\KIIT0001\OneDrive\Pictures\Screenshots\Screenshot 2025-02-25 222015.png
2025-04-08 16:37:37 - ADDED: C:\Users\KIIT0001\OneDrive\Pictures\Screenshots\Screenshot 2024-08-16 173934.png
2025-04-08 16:37:37 - ADDED: C:\Users\KIIT0001\OneDrive\Pictures\Screenshots\Screenshot 2024-09-22 104915.png
2025-04-08 16:37:37 - ADDED: C:\Users\KIIT0001\OneDrive\Pictures\Screenshots\Screenshot 2024-09-22 102948.png
2025-04-08 16:37:37 - ADDED: C:\Users\KIIT0001\OneDrive\Pictures\Screenshots\Screenshot 2025-02-25 222135.png
2025-04-08 16:37:37 - ADDED: C:\Users\KIIT0001\OneDrive\Pictures\Screenshots\Screenshot 2024-11-19 120538.png
2025-04-08 16:37:37 - ADDED: C:\Users\KIIT0001\OneDrive\Pictures\Screenshots\desktop.ini
2025-04-08 16:37:37 - ADDED: C:\Users\KIIT0001\OneDrive\Pictures\Screenshots\s.png
2025-04-08 16:37:37 - ADDED: C:\Users\KIIT0001\OneDrive\Pictures\Screenshots\Screenshot 2024-08-16 174013.png
2025-04-08 16:37:37 - ADDED: C:\Users\KIIT0001\OneDrive\Pictures\Screenshots\Screenshot 2024-09-26 210541.png
2025-04-08 16:37:37 - ADDED: C:\Users\KIIT0001\OneDrive\Pictures\Screenshots\Screenshot 2024-11-18 201017.png
2025-04-08 16:37:37 - ADDED: C:\Users\KIIT0001\OneDrive\Pictures\20241220.jpg
2025-04-08 16:37:37 - ADDED: C:\Users\KIIT0001\OneDrive\Pictures\Screenshots\Screenshot 2024-09-22 202925.png
2025-04-08 16:37:37 - ADDED: C:\Users\KIIT0001\OneDrive\Pictures\Screenshots\Screenshot 2024-11-18 215701.png
2025-04-08 16:37:37 - ADDED: C:\Users\KIIT0001\OneDrive\Pictures\Screenshots\Screenshot 2024-11-19 120503.png
2025-04-08 16:37:37 - ADDED: C:\Users\KIIT0001\OneDrive\Pictures\Screenshots\Screenshot 2024-09-06 123034.png
2025-04-08 16:37:37 - ADDED: C:\Users\KIIT0001\OneDrive\Pictures\Screenshots\Screenshot 2024-08-30 180116.png
2025-04-08 16:37:37 - ADDED: C:\Users\KIIT0001\OneDrive\Pictures\Screenshots\Screenshot 2024-09-22 105329.png
2025-04-08 16:37:37 - ADDED: C:\Users\KIIT0001\OneDrive\Pictures\Screenshots\Screenshot 2025-02-15 081721.png
2025-04-08 16:37:37 - ADDED: C:\Users\KIIT0001\OneDrive\Pictures\Screenshots\Screenshot 2024-09-25 211650.png
2025-04-08 16:37:37 - ADDED: C:\Users\KIIT0001\OneDrive\Pictures\Screenshots\Screenshot 2024-08-16 173959.png
2025-04-08 16:37:37 - ADDED: C:\Users\KIIT0001\OneDrive\Pictures\Screenshots\Screenshot 2024-07-17 112413.png
2025-04-08 16:37:37 - ADDED: C:\Users\KIIT0001\OneDrive\Pictures\Screenshots\Screenshot 2024-09-22 203905.png
2025-04-08 16:37:37 - ADDED: C:\Users\KIIT0001\OneDrive\Pictures\20241227.jpg
2025-04-08 16:37:37 - ADDED: C:\Users\KIIT0001\OneDrive\Pictures\Screenshots\Screenshot 2024-07-06 214119.png
2025-04-08 16:37:37 - ADDED: C:\Users\KIIT0001\OneDrive\Pictures\Screenshots\Screenshot 2025-02-25 222037.png
2025-04-08 16:37:37 - ADDED: C:\Users\KIIT0001\OneDrive\Pictures\Screenshots\Screenshot 2025-02-25 223121.png
2025-04-08 16:37:37 - ADDED: C:\Users\KIIT0001\OneDrive\Pictures\Screenshots\Screenshot 2024-11-18 215730.png
2025-04-08 16:37:37 - ADDED: C:\Users\KIIT0001\OneDrive\Pictures\Screenshots\Screenshot 2025-02-25 112044.png
2025-04-08 16:37:37 - ADDED: C:\Users\KIIT0001\OneDrive\Pictures\Screenshots\Screenshot 2024-09-06 122720.png
2025-04-08 16:37:37 - ADDED: C:\Users\KIIT0001\OneDrive\Pictures\Screenshots\Screenshot 2024-08-09 084110.png
2025-04-08 16:37:37 - ADDED: C:\Users\KIIT0001\OneDrive\Pictures\Screenshots\Screenshot 2024-09-26 105627.png
2025-04-08 16:37:37 - ADDED: C:\Users\KIIT0001\OneDrive\Pictures\Screenshots\Screenshot 2024-07-06 214029.png
2025-04-08 16:37:37 - ADDED: C:\Users\KIIT0001\OneDrive\Pictures\Screenshots\Screenshot 2024-09-22 124421.png
2025-04-08 16:37:37 - ADDED: C:\Users\KIIT0001\OneDrive\Pictures\Screenshots\Screenshot 2024-11-21 095105.png
2025-04-08 16:37:37 - ADDED: C:\Users\KIIT0001\OneDrive\Pictures\Screenshots\Screenshot 2024-09-22 202458.png
2025-04-08 16:37:37 - ADDED: C:\Users\KIIT0001\OneDrive\Pictures\shradha-thumb1.jpg
2025-04-08 16:37:37 - ADDED: C:\Users\KIIT0001\OneDrive\Pictures\Screenshots\Screenshot 2025-02-25 222118.png
2025-04-08 16:37:37 - ADDED: C:\Users\KIIT0001\OneDrive\Pictures\Screenshots\Screenshot 2024-11-19 120342.png
2025-04-08 16:37:37 - ADDED: C:\Users\KIIT0001\OneDrive\Pictures\Screenshots\Screenshot 2024-07-20 182802.png
2025-04-08 16:37:37 - ADDED: C:\Users\KIIT0001\OneDrive\Pictures\Screenshots\Screenshot 2024-09-26 210053.png
2025-04-08 16:37:37 - ADDED: C:\Users\KIIT0001\OneDrive\Pictures\Screenshots\Screenshot 2024-11-19 120550.png
2025-04-08 16:37:37 - ADDED: C:\Users\KIIT0001\OneDrive\Pictures\Screenshots\Screenshot 2024-11-19 120528.png
2025-04-08 16:37:37 - ADDED: C:\Users\KIIT0001\OneDrive\Pictures\Screenshots\Screenshot 2024-11-19 121952.png
2025-04-08 16:37:37 - ADDED: C:\Users\KIIT0001\OneDrive\Pictures\Screenshots\Screenshot 2024-08-22 085505.png
2025-04-08 16:37:37 - ADDED: C:\Users\KIIT0001\OneDrive\Pictures\Screenshots\Screenshot 2025-02-25 222027.png
2025-04-08 16:37:37 - ADDED: C:\Users\KIIT0001\OneDrive\Pictures\Saved Pictures\desktop.ini
2025-04-08 16:37:56 - MODIFIED: C:\Users\KIIT0001\OneDrive\Pictures\20241220.jpg
2025-04-08 16:37:59 - MODIFIED: C:\Users\KIIT0001\OneDrive\Pictures\Saved Pictures\desktop.ini
2025-04-08 16:38:01 - DELETED: C:\Users\KIIT0001\OneDrive\Pictures\20241220.jpg
2025-04-08 16:38:01 - CREATED: C:\Users\KIIT0001\OneDrive\Pictures\Saved Pictures\20241220.jpg
2025-04-08 16:38:01 - MODIFIED: C:\Users\KIIT0001\OneDrive\Pictures\Saved Pictures
2025-04-08 16:38:01 - MODIFIED: C:\Users\KIIT0001\OneDrive\Pictures\Saved Pictures\20241220.jpg
2025-04-08 16:38:08 - MODIFIED: C:\Users\KIIT0001\OneDrive\Pictures\Saved Pictures\20241220.jpg
2025-04-08 16:38:08 - MODIFIED: C:\Users\KIIT0001\OneDrive\Pictures\Saved Pictures\20241220.jpg
2025-04-08 16:39:00 - ADDED: C:\Users\KIIT0001\OneDrive\Pictures\UbisoftConnect\01 gettyimages-1129788053_resized.jpg
2025-04-08 16:39:00 - ADDED: C:\Users\KIIT0001\OneDrive\Pictures\Saved Pictures\20241220.jpg
2025-04-08 16:39:00 - REMOVED: C:\Users\KIIT0001\OneDrive\Pictures\01 gettyimages-1129788053_resized.jpg
2025-04-08 16:39:00 - REMOVED: C:\Users\KIIT0001\OneDrive\Pictures\20241220.jpg
2025-04-10 19:01:26 - ADDED: C:\Users\KIIT0001\OneDrive\Pictures\UbisoftConnect\20241227.jpg
2025-04-10 19:01:26 - REMOVED: C:\Users\KIIT0001\OneDrive\Pictures\20241227.jpg
2025-04-10 19:01:46 - DELETED: C:\Users\KIIT0001\OneDrive\Pictures\UbisoftConnect\01 gettyimages-1129788053_resized.jpg
2025-04-10 19:01:46 - CREATED: C:\Users\KIIT0001\OneDrive\Pictures\01 gettyimages-1129788053_resized.jpg
2025-04-10 19:01:46 - MODIFIED: C:\Users\KIIT0001\OneDrive\Pictures\01 gettyimages-1129788053_resized.jpg
2025-04-10 19:01:46 - MODIFIED: C:\Users\KIIT0001\OneDrive\Pictures\UbisoftConnect
2025-04-10 19:01:48 - MODIFIED: C:\Users\KIIT0001\OneDrive\Pictures\01 gettyimages-1129788053_resized.jpg
2025-04-10 19:01:53 - ADDED: C:\Users\KIIT0001\OneDrive\Pictures\01 gettyimages-1129788053_resized.jpg
2025-04-10 19:01:53 - REMOVED: C:\Users\KIIT0001\OneDrive\Pictures\UbisoftConnect\01 gettyimages-1129788053_resized.jpg
2025-04-10 19:04:18 - DELETED: C:\Users\KIIT0001\OneDrive\Pictures\UbisoftConnect\20241227.jpg
2025-04-10 19:04:18 - CREATED: C:\Users\KIIT0001\OneDrive\Pictures\20241227.jpg
2025-04-10 19:04:18 - MODIFIED: C:\Users\KIIT0001\OneDrive\Pictures\20241227.jpg
2025-04-10 19:04:18 - MODIFIED: C:\Users\KIIT0001\OneDrive\Pictures\UbisoftConnect
2025-04-10 19:04:21 - MODIFIED: C:\Users\KIIT0001\OneDrive\Pictures\20241227.jpg
2025-04-10 19:05:11 - ADDED: C:\Users\KIIT0001\OneDrive\Pictures\20241227.jpg
2025-04-10 19:05:11 - REMOVED: C:\Users\KIIT0001\OneDrive\Pictures\UbisoftConnect\20241227.jpg
2025-04-10 19:05:45 - ADDED: C:\Users\KIIT0001\OneDrive\Pictures\UbisoftConnect\01 gettyimages-1129788053_resized.jpg
2025-04-10 19:05:45 - REMOVED: C:\Users\KIIT0001\OneDrive\Pictures\01 gettyimages-1129788053_resized.jpg
