0: System Idle Process
4: System
188: 
232: Registry
1084: svchost.exe
1108: smss.exe
1240: svchost.exe
1500: csrss.exe
1520: AppProvisioningPlugin.exe
1584: wininit.exe
1592: csrss.exe
1684: winlogon.exe
1704: services.exe
1748: LsaIso.exe
1756: lsass.exe
1772: WUDFHost.exe
1896: svchost.exe
1924: fontdrvhost.exe
1932: fontdrvhost.exe
2008: WUDFHost.exe
2088: dwm.exe
2176: svchost.exe
2184: svchost.exe
2236: svchost.exe
2248: svchost.exe
2256: svchost.exe
2280: svchost.exe
2328: SecurityHealthService.exe
2380: LockApp.exe
2396: brave.exe
2452: SecurityHealthSystray.exe
2492: svchost.exe
2576: svchost.exe
2584: svchost.exe
2592: svchost.exe
2672: svchost.exe
2684: svchost.exe
2696: svchost.exe
2704: svchost.exe
2716: svchost.exe
2928: svchost.exe
2968: svchost.exe
2972: IntelCpHDCPSvc.exe
2984: svchost.exe
3008: svchost.exe
3056: cmd.exe
3092: svchost.exe
3160: svchost.exe
3212: svchost.exe
3268: svchost.exe
3324: msedge.exe
3508: svchost.exe
3532: msedgewebview2.exe
3556: svchost.exe
3580: svchost.exe
3740: svchost.exe
3776: WUDFHost.exe
3840: svchost.exe
3984: AdskAccessService.exe
4052: svchost.exe
4136: YMC.exe
4156: svchost.exe
4252: WUDFHost.exe
4256: svchost.exe
4264: WUDFHost.exe
4340: svchost.exe
4344: svchost.exe
4352: svchost.exe
4500: MemCompression
4544: svchost.exe
4580: svchost.exe
4588: svchost.exe
4688: svchost.exe
4736: svchost.exe
4748: WTabletServiceISD.exe
4976: WUDFHost.exe
5048: svchost.exe
5080: chrome.exe
5088: msedgewebview2.exe
5104: Code.exe
5156: svchost.exe
5212: svchost.exe
5284: WTabletServiceISD.exe
5332: svchost.exe
5400: spoolsv.exe
5440: svchost.exe
5480: svchost.exe
5836: Code.exe
5840: svchost.exe
5940: svchost.exe
5988: NgcIso.exe
6304: svchost.exe
6424: DAX3API.exe
6436: DbxSvc.exe
6444: svchost.exe
6452: svchost.exe
6464: svchost.exe
6472: ElevocControlService.exe
6480: IntelAudioService.exe
6488: CloudEndpointService.exe
6512: Lenovo.Modern.ImController.exe
6520: ipfsvc.exe
6532: ELANFPService.exe
6540: FNPLicensingService.exe
6556: LenovoUtilityService.exe
6564: Lockscreen.Service.exe
6576: OneApp.IGCC.WinService.exe
6592: ipf_uf.exe
6600: MpDefenderCoreService.exe
6616: svchost.exe
6636: LenovoVantageService.exe
6648: LNBITSSvc.exe
6660: WsNativePushService.exe
6676: chrome.exe
6700: AdskAccessServiceHost.exe
6936: RtkAudUService64.exe
6952: svchost.exe
7004: SmartAppearanceSVC.exe
7012: SmartNote.Service.exe
7024: wlanext.exe
7076: EndpointBasecamp.exe
7084: svchost.exe
7176: WSCommunicator.exe
7196: UDClientService.exe
7296: MsMpEng.exe
7308: WMIRegistrationService.exe
7332: wslservice.exe
7384: vmnetdhcp.exe
7420: svchost.exe
7428: svchost.exe
7472: vmnat.exe
7488: svchost.exe
7584: msedgewebview2.exe
7604: svchost.exe
7724: jhi_service.exe
7780: svchost.exe
7844: svchost.exe
7900: svchost.exe
8216: chrome.exe
8228: DAX3API.exe
8308: RuntimeBroker.exe
8340: RtkAudUService64.exe
8472: vmware-authd.exe
8484: vmware-usbarbitrator64.exe
8760: WmiPrvSE.exe
8784: chrome.exe
8792: ipf_helper.exe
8980: svchost.exe
9004: LenovoVantage-(SmartDisplayAddin).exe
9016: dllhost.exe
9112: chrome.exe
9160: unsecapp.exe
9200: msedgewebview2.exe
9356: WmiPrvSE.exe
9392: jucheck.exe
9544: AutoModeDetect.exe
9568: EndpointBasecamp.exe
9600: conhost.exe
9640: conhost.exe
9696: svchost.exe
9848: Ammbkproc.exe
9860: chrome.exe
10128: python.exe
10148: FaceBeautify.exe
10156: CrossDeviceService.exe
10208: msedgewebview2.exe
10228: svchost.exe
10280: ctfmon.exe
10408: EndpointBasecamp.exe
10420: conhost.exe
10512: taskhostw.exe
10520: LSNUpdater.exe
10612: chrome.exe
10644: svchost.exe
10652: svchost.exe
10676: DropboxUpdate.exe
10808: conhost.exe
10820: svchost.exe
10832: Code.exe
10860: chrome.exe
11112: msedgewebview2.exe
11120: sihost.exe
11184: svchost.exe
11188: svchost.exe
11200: svchost.exe
11208: svchost.exe
11356: msedgewebview2.exe
11388: msedgewebview2.exe
11420: DropboxCrashHandler.exe
11672: explorer.exe
11724: svchost.exe
11756: StartMenuExperienceHost.exe
11816: msedgewebview2.exe
11868: svchost.exe
11988: svchost.exe
12008: AdskAccessUIHost.exe
12040: msedgewebview2.exe
12060: svchost.exe
12164: AdskIdentityManager.exe
12212: conhost.exe
12228: svchost.exe
12240: AggregatorHost.exe
12264: AIMeetingManager.exe
12312: Code.exe
12348: SearchHost.exe
12392: Locator.exe
12512: BraveCrashHandler.exe
12532: BraveCrashHandler64.exe
12800: svchost.exe
12852: Code.exe
12884: RuntimeBroker.exe
13008: YB9.SmartNote.exe
13024: FnHotkeyCapsLKNumLK.exe
13272: LenovoSmartNote.exe
13456: TextInputHost.exe
13480: FnHotkeyUtility.exe
13516: RuntimeBroker.exe
13632: Widgets.exe
13660: svchost.exe
13748: unsecapp.exe
13756: RuntimeBroker.exe
13796: svchost.exe
13936: RuntimeBroker.exe
14104: WidgetService.exe
14216: Code.exe
14484: msedgewebview2.exe
14492: OneDrive.exe
14596: msedgewebview2.exe
14624: msedgewebview2.exe
14644: TabTip.exe
14780: svchost.exe
15056: msedgewebview2.exe
15144: brave.exe
15228: msedgewebview2.exe
15248: msedgewebview2.exe
15396: msedgewebview2.exe
15420: AdskAccessUIHost.exe
15440: msedgewebview2.exe
15508: conhost.exe
15820: svchost.exe
15916: chrome.exe
16036: RuntimeBroker.exe
16132: SearchIndexer.exe
16460: AdskAccessUIHost.exe
17136: SmartNote.App.Update.exe
17140: chrome.exe
17196: AdskAccessUIHost.exe
17244: chrome.exe
17312: CodeSetup-stable-4949701c880d4bdb949e3c0e6b400288da7f474b.tmp
17348: NisSrv.exe
17424: chrome.exe
17580: LenovoVantage-(VantageCoreAddin).exe
17680: svchost.exe
17824: svchost.exe
17856: msedgewebview2.exe
17860: msedge.exe
17872: svchost.exe
17900: brave.exe
17960: EndpointBasecamp.exe
17996: conhost.exe
18044: brave.exe
18128: brave.exe
18396: PhoneExperienceHost.exe
18476: AdSSO.exe
18488: WsToastNotification.exe
18740: Code.exe
18812: AdskAccessCore.exe
18820: WebViewHost.exe
18860: unsecapp.exe
19116: WebexHost.exe
19200: QSHelper.exe
19292: Code.exe
19320: msedgewebview2.exe
19484: msedgewebview2.exe
19652: msedgewebview2.exe
19804: brave.exe
19808: brave.exe
19940: msedgewebview2.exe
20108: ms-teams.exe
20296: RuntimeBroker.exe
20324: FileCoAuth.exe
20432: msedgewebview2.exe
20452: chrome.exe
20552: jusched.exe
20576: WSHelper.exe
20584: Code.exe
20624: LenovoVantage-(SmartInteractAddin).exe
20988: CodeSetup-stable-4949701c880d4bdb949e3c0e6b400288da7f474b.exe
21216: msedge.exe
21244: chrome.exe
21272: LenovoVantage-(LenovoServiceBridgeAddin).exe
21420: brave.exe
21456: brave.exe
21648: RuntimeBroker.exe
21704: chrome.exe
21772: chrome.exe
21780: LenovoVantage-(GenericMessagingAddin).exe
21840: backgroundTaskHost.exe
21896: wpscloudsvr.exe
21908: svchost.exe
21960: powershell.exe
22028: svchost.exe
22056: svchost.exe
22080: dllhost.exe
22164: WmiApSrv.exe
22204: Code.exe
22344: dllhost.exe
22364: chrome.exe
22424: msedge.exe
22540: msedge.exe
22552: conhost.exe
22604: wpscenter.exe
22640: chrome.exe
22724: dllhost.exe
22892: cmd.exe
23296: python.exe
23388: ShellExperienceHost.exe
23512: svchost.exe
23544: ApplicationFrameHost.exe
23576: conhost.exe
23700: Code.exe
23752: conhost.exe
23772: pet.exe
24008: PushNotificationsLongRunningTask.exe
24080: ShellHost.exe
24148: backgroundTaskHost.exe
24160: WmiPrvSE.exe
24180: audiodg.exe
24372: RuntimeBroker.exe
24388: Code.exe
24412: Code.exe
